08:27:28.962 [main] INFO org.distributed.stumatchdistributed.node.EnhancedStorageNode -- ??????????????????????????????????????????????????????????
08:27:28.988 [main] INFO org.distributed.stumatchdistributed.node.EnhancedStorageNode -- ?  ENHANCED STORAGE NODE INITIALIZATION                  ?
08:27:28.989 [main] INFO org.distributed.stumatchdistributed.node.EnhancedStorageNode -- ??????????????????????????????????????????????????????????
08:27:29.006 [main] INFO org.distributed.stumatchdistributed.node.EnhancedStorageNode -- ?  Node ID: node1767857246240                                                           ?
08:27:29.062 [main] INFO org.distributed.stumatchdistributed.node.EnhancedStorageNode -- ??????????????????????????????????????????????????????????
08:27:29.062 [main] INFO org.distributed.stumatchdistributed.node.EnhancedStorageNode -- ? Step 1: Assigning network interface...
08:27:29.088 [main] INFO org.distributed.stumatchdistributed.network.NetworkInterfaceManager -- ? Network interface assigned to node1767857246240
08:27:29.089 [main] INFO org.distributed.stumatchdistributed.network.NetworkInterfaceManager --    IP Address: 192.168.100.10
08:27:29.089 [main] INFO org.distributed.stumatchdistributed.network.NetworkInterfaceManager --    MAC Address: 02:00:00:00:00:0A
08:27:29.092 [main] INFO org.distributed.stumatchdistributed.node.EnhancedStorageNode --    ? IP Address: 192.168.100.10
08:27:29.095 [main] INFO org.distributed.stumatchdistributed.node.EnhancedStorageNode --    ? MAC Address: 02:00:00:00:00:0A
08:27:29.095 [main] INFO org.distributed.stumatchdistributed.node.EnhancedStorageNode -- ? Step 2: Creating virtual disk...
08:27:29.113 [main] INFO org.distributed.stumatchdistributed.virtualdisk.VirtualDisk -- ? Creating REAL virtual disk with 5368709120 bytes allocated...
08:27:29.122 [main] INFO org.distributed.stumatchdistributed.virtualdisk.VirtualDisk -- ? Virtual disk file created with REAL 5 GB allocated on disk
08:27:29.122 [main] INFO org.distributed.stumatchdistributed.virtualdisk.VirtualDisk --    File: C:\Users\bnyam\distributed-storage\disks\node1767857246240-disk.vdisk
08:27:29.122 [main] INFO org.distributed.stumatchdistributed.virtualdisk.VirtualDisk --    This is REAL storage allocation (not sparse) - as required!
08:27:29.123 [main] INFO org.distributed.stumatchdistributed.virtualdisk.VirtualDisk -- ? Disk file created: C:\Users\bnyam\distributed-storage\disks\node1767857246240-disk.vdisk
08:27:29.123 [main] INFO org.distributed.stumatchdistributed.virtualdisk.VirtualDisk -- ? Virtual Disk Created: node1767857246240-disk
08:27:29.124 [main] INFO org.distributed.stumatchdistributed.virtualdisk.VirtualDisk --    Size: 5 GB
08:27:29.124 [main] INFO org.distributed.stumatchdistributed.virtualdisk.VirtualDisk --    Location: C:\Users\bnyam\distributed-storage\disks\node1767857246240-disk.vdisk
08:27:29.124 [main] INFO org.distributed.stumatchdistributed.node.EnhancedStorageNode --    ? Virtual Disk: 5 GB
08:27:29.124 [main] INFO org.distributed.stumatchdistributed.node.EnhancedStorageNode --    ? Formatting virtual disk...
08:27:29.124 [main] INFO org.distributed.stumatchdistributed.virtualdisk.VirtualDisk -- ? Formatting disk: node1767857246240-disk
08:27:29.130 [main] INFO org.distributed.stumatchdistributed.virtualdisk.VirtualDisk -- ? Disk formatted successfully: node1767857246240-disk
08:27:29.132 [main] INFO org.distributed.stumatchdistributed.virtualdisk.VirtualDisk -- ? Disk mounted: node1767857246240-disk
08:27:29.132 [main] INFO org.distributed.stumatchdistributed.node.EnhancedStorageNode --    ? Disk mounted
08:27:29.132 [main] INFO org.distributed.stumatchdistributed.node.EnhancedStorageNode -- ? Step 3: Initializing lifecycle manager...
08:27:29.147 [main] INFO org.distributed.stumatchdistributed.node.NodeLifecycleManager -- ? Node Lifecycle Manager created for: node1767857246240
08:27:29.149 [main] INFO org.distributed.stumatchdistributed.node.NodeLifecycleManager --    State: CREATED
08:27:29.149 [main] INFO org.distributed.stumatchdistributed.node.EnhancedStorageNode --    ? Lifecycle manager ready
08:27:29.149 [main] INFO org.distributed.stumatchdistributed.node.EnhancedStorageNode -- ??  Step 4: Initializing process manager...
08:27:29.153 [main] INFO org.distributed.stumatchdistributed.process.ProcessManager -- ? Process Manager initialized for: node1767857246240
08:27:29.153 [main] INFO org.distributed.stumatchdistributed.process.ProcessManager --    Max concurrent processes: 4
08:27:29.153 [main] INFO org.distributed.stumatchdistributed.node.EnhancedStorageNode --    ? Process manager ready (4 cores)
08:27:29.153 [main] INFO org.distributed.stumatchdistributed.node.EnhancedStorageNode -- ??????????????????????????????????????????????????????????
08:27:29.153 [main] INFO org.distributed.stumatchdistributed.node.EnhancedStorageNode -- ?  ? NODE INITIALIZATION COMPLETE                       ?
08:27:29.153 [main] INFO org.distributed.stumatchdistributed.node.EnhancedStorageNode -- ??????????????????????????????????????????????????????????
08:27:29.153 [main] INFO org.distributed.stumatchdistributed.node.EnhancedStorageNode -- ?  Node ID:     node1767857246240                                                 ?
08:27:29.155 [main] INFO org.distributed.stumatchdistributed.node.EnhancedStorageNode -- ?  IP Address:  192.168.100.10                                              ?
08:27:29.158 [main] INFO org.distributed.stumatchdistributed.node.EnhancedStorageNode -- ?  Port:        50052                                ?
08:27:29.159 [main] INFO org.distributed.stumatchdistributed.node.EnhancedStorageNode -- ?  Storage:     5 GB (Virtual Disk)                 ?
08:27:29.164 [main] INFO org.distributed.stumatchdistributed.node.EnhancedStorageNode -- ?  RAM:         8 GB                                  ?
08:27:29.164 [main] INFO org.distributed.stumatchdistributed.node.EnhancedStorageNode -- ?  CPU Cores:   4                                     ?
08:27:29.164 [main] INFO org.distributed.stumatchdistributed.node.EnhancedStorageNode -- ?  Status:      READY                                   ?
08:27:29.164 [main] INFO org.distributed.stumatchdistributed.node.EnhancedStorageNode -- ??????????????????????????????????????????????????????????
08:27:29.164 [main] INFO org.distributed.stumatchdistributed.node.EnhancedStorageNode -- ? Starting node: node1767857246240
08:27:29.164 [main] INFO org.distributed.stumatchdistributed.node.NodeLifecycleManager -- ? Activating node: node1767857246240
08:27:29.177 [main] INFO org.distributed.stumatchdistributed.node.NodeLifecycleManager -- ? Node node1767857246240 state change: CREATED ? READY
08:27:29.197 [main] INFO org.distributed.stumatchdistributed.node.NodeLifecycleManager -- ? Node activated: node1767857246240
08:27:29.199 [main] INFO org.distributed.stumatchdistributed.process.ProcessManager -- ??  Process scheduler started for: node1767857246240
08:27:30.200 [node1767857246240-worker-0] INFO org.distributed.stumatchdistributed.node.NodeLifecycleManager -- ? Node node1767857246240 state change: READY ? WAITING
08:27:31.443 [main] INFO org.distributed.stumatchdistributed.node.EnhancedStorageNode -- ??????????????????????????????????????????????????????????
08:27:31.448 [main] INFO org.distributed.stumatchdistributed.node.EnhancedStorageNode -- ?  ? NODE STARTED SUCCESSFULLY                          ?
08:27:31.448 [main] INFO org.distributed.stumatchdistributed.node.EnhancedStorageNode -- ??????????????????????????????????????????????????????????
08:27:31.448 [main] INFO org.distributed.stumatchdistributed.node.EnhancedStorageNode -- ?  Node ID:     node1767857246240                                                 ?
08:27:31.449 [main] INFO org.distributed.stumatchdistributed.node.EnhancedStorageNode -- ?  IP:Port:     192.168.100.10           :50052                 ?
08:27:31.449 [main] INFO org.distributed.stumatchdistributed.node.EnhancedStorageNode -- ?  State:       WAITING (Ready for requests)            ?
08:27:31.449 [main] INFO org.distributed.stumatchdistributed.node.EnhancedStorageNode -- ?  Disk:        MOUNTED                                 ?
08:27:31.449 [main] INFO org.distributed.stumatchdistributed.node.EnhancedStorageNode -- ??????????????????????????????????????????????????????????
08:27:46.233 [grpc-default-executor-1] INFO org.distributed.stumatchdistributed.node.EnhancedStorageNode -- ?????????????????????????????????????????????????????????
08:27:46.234 [grpc-default-executor-1] INFO org.distributed.stumatchdistributed.node.EnhancedStorageNode -- ?  ? INCOMING CHUNK STORAGE REQUEST                    ?
08:27:46.234 [grpc-default-executor-1] INFO org.distributed.stumatchdistributed.node.EnhancedStorageNode -- ?????????????????????????????????????????????????????????
08:27:46.234 [grpc-default-executor-1] INFO org.distributed.stumatchdistributed.node.EnhancedStorageNode -- ?  Node:      node1767857246240                                                      ?
08:27:46.234 [grpc-default-executor-1] INFO org.distributed.stumatchdistributed.node.EnhancedStorageNode -- ?  Chunk ID:  c3bb82cd-05ea-44b1-8476-d46cf4997c6a_chunk_0                     ?
08:27:46.236 [grpc-default-executor-1] INFO org.distributed.stumatchdistributed.node.EnhancedStorageNode -- ?  Size:      267.42 KB                              ?
08:27:46.236 [grpc-default-executor-1] INFO org.distributed.stumatchdistributed.node.EnhancedStorageNode -- ?????????????????????????????????????????????????????????
08:27:46.250 [grpc-default-executor-1] INFO org.distributed.stumatchdistributed.process.ProcessManager -- ? Process submitted: StoreChunk-c3bb82cd-05ea-44b1-8476-d46cf4997c6a_chunk_0 (PID: 1767857266578)
08:27:46.251 [grpc-default-executor-1] INFO org.distributed.stumatchdistributed.node.EnhancedStorageNode -- ? Process submitted (PID: 1767857266578)
08:27:46.305 [pool-2-thread-1] INFO org.distributed.stumatchdistributed.process.ProcessManager -- ??  Executing process: StoreChunk-c3bb82cd-05ea-44b1-8476-d46cf4997c6a_chunk_0 (PID: 1767857266578)
08:27:46.305 [pool-2-thread-1] INFO org.distributed.stumatchdistributed.node.EnhancedStorageNode -- ? Transferring... [          ]   0%
08:27:46.307 [pool-2-thread-1] INFO org.distributed.stumatchdistributed.node.EnhancedStorageNode -- ? Transferring... [??        ]  25%
08:27:46.307 [pool-2-thread-1] INFO org.distributed.stumatchdistributed.node.EnhancedStorageNode -- ? Transferring... [????      ]  50%
08:27:46.307 [pool-2-thread-1] INFO org.distributed.stumatchdistributed.node.EnhancedStorageNode -- ? Transferring... [???????   ]  75%
08:27:46.309 [pool-2-thread-1] INFO org.distributed.stumatchdistributed.node.EnhancedStorageNode -- ? Transferring... [??????????] 100%
08:27:46.343 [pool-2-thread-1] INFO org.distributed.stumatchdistributed.virtualdisk.VirtualDisk -- ? File written to disk: c3bb82cd-05ea-44b1-8476-d46cf4997c6a_chunk_0 (273837 bytes)
08:27:46.343 [pool-2-thread-1] INFO org.distributed.stumatchdistributed.node.EnhancedStorageNode -- ?????????????????????????????????????????????????????????
08:27:46.343 [pool-2-thread-1] INFO org.distributed.stumatchdistributed.node.EnhancedStorageNode -- ?  ? CHUNK STORED SUCCESSFULLY                         ?
08:27:46.343 [pool-2-thread-1] INFO org.distributed.stumatchdistributed.node.EnhancedStorageNode -- ?????????????????????????????????????????????????????????
08:27:46.345 [pool-2-thread-1] INFO org.distributed.stumatchdistributed.node.EnhancedStorageNode -- ?  Chunk ID:    c3bb82cd-05ea-44b1-8476-d46cf4997c6a_chunk_0                   ?
08:27:46.345 [pool-2-thread-1] INFO org.distributed.stumatchdistributed.node.EnhancedStorageNode -- ?  Duration:    -2 ms                         ?
08:27:46.345 [pool-2-thread-1] INFO org.distributed.stumatchdistributed.node.EnhancedStorageNode -- ?  Disk Used:   0/5 GB                  ?
08:27:46.345 [pool-2-thread-1] INFO org.distributed.stumatchdistributed.node.EnhancedStorageNode -- ?  Files:       2                                  ?
08:27:46.345 [pool-2-thread-1] INFO org.distributed.stumatchdistributed.node.EnhancedStorageNode -- ?????????????????????????????????????????????????????????
08:27:46.345 [pool-2-thread-1] INFO org.distributed.stumatchdistributed.process.ProcessManager -- ? Process completed: StoreChunk-c3bb82cd-05ea-44b1-8476-d46cf4997c6a_chunk_0 (PID: 1767857266578)
