03:27:03.538 [main] INFO org.distributed.stumatchdistributed.node.EnhancedStorageNode -- ??????????????????????????????????????????????????????????
03:27:03.556 [main] INFO org.distributed.stumatchdistributed.node.EnhancedStorageNode -- ?  ENHANCED STORAGE NODE INITIALIZATION                  ?
03:27:03.557 [main] INFO org.distributed.stumatchdistributed.node.EnhancedStorageNode -- ??????????????????????????????????????????????????????????
03:27:03.575 [main] INFO org.distributed.stumatchdistributed.node.EnhancedStorageNode -- ?  Node ID: node1767839221205                                                           ?
03:27:03.594 [main] INFO org.distributed.stumatchdistributed.node.EnhancedStorageNode -- ??????????????????????????????????????????????????????????
03:27:03.594 [main] INFO org.distributed.stumatchdistributed.node.EnhancedStorageNode -- ? Step 1: Assigning network interface...
03:27:03.643 [main] INFO org.distributed.stumatchdistributed.network.NetworkInterfaceManager -- ? Network interface assigned to node1767839221205
03:27:03.643 [main] INFO org.distributed.stumatchdistributed.network.NetworkInterfaceManager --    IP Address: 192.168.100.10
03:27:03.643 [main] INFO org.distributed.stumatchdistributed.network.NetworkInterfaceManager --    MAC Address: 02:00:00:00:00:0A
03:27:03.655 [main] INFO org.distributed.stumatchdistributed.node.EnhancedStorageNode --    ? IP Address: 192.168.100.10
03:27:03.655 [main] INFO org.distributed.stumatchdistributed.node.EnhancedStorageNode --    ? MAC Address: 02:00:00:00:00:0A
03:27:03.655 [main] INFO org.distributed.stumatchdistributed.node.EnhancedStorageNode -- ? Step 2: Creating virtual disk...
03:27:03.682 [main] INFO org.distributed.stumatchdistributed.virtualdisk.VirtualDisk -- ? Creating REAL virtual disk with 5368709120 bytes allocated...
03:27:03.701 [main] INFO org.distributed.stumatchdistributed.virtualdisk.VirtualDisk -- ? Virtual disk file created with REAL 5 GB allocated on disk
03:27:03.702 [main] INFO org.distributed.stumatchdistributed.virtualdisk.VirtualDisk --    File: C:\Users\bnyam\distributed-storage\disks\node1767839221205-disk.vdisk
03:27:03.703 [main] INFO org.distributed.stumatchdistributed.virtualdisk.VirtualDisk --    This is REAL storage allocation (not sparse) - as required!
03:27:03.704 [main] INFO org.distributed.stumatchdistributed.virtualdisk.VirtualDisk -- ? Disk file created: C:\Users\bnyam\distributed-storage\disks\node1767839221205-disk.vdisk
03:27:03.706 [main] INFO org.distributed.stumatchdistributed.virtualdisk.VirtualDisk -- ? Virtual Disk Created: node1767839221205-disk
03:27:03.706 [main] INFO org.distributed.stumatchdistributed.virtualdisk.VirtualDisk --    Size: 5 GB
03:27:03.707 [main] INFO org.distributed.stumatchdistributed.virtualdisk.VirtualDisk --    Location: C:\Users\bnyam\distributed-storage\disks\node1767839221205-disk.vdisk
03:27:03.708 [main] INFO org.distributed.stumatchdistributed.node.EnhancedStorageNode --    ? Virtual Disk: 5 GB
03:27:03.709 [main] INFO org.distributed.stumatchdistributed.node.EnhancedStorageNode --    ? Formatting virtual disk...
03:27:03.710 [main] INFO org.distributed.stumatchdistributed.virtualdisk.VirtualDisk -- ? Formatting disk: node1767839221205-disk
03:27:03.714 [main] INFO org.distributed.stumatchdistributed.virtualdisk.VirtualDisk -- ? Disk formatted successfully: node1767839221205-disk
03:27:03.715 [main] INFO org.distributed.stumatchdistributed.virtualdisk.VirtualDisk -- ? Disk mounted: node1767839221205-disk
03:27:03.715 [main] INFO org.distributed.stumatchdistributed.node.EnhancedStorageNode --    ? Disk mounted
03:27:03.715 [main] INFO org.distributed.stumatchdistributed.node.EnhancedStorageNode -- ? Step 3: Initializing lifecycle manager...
03:27:03.733 [main] INFO org.distributed.stumatchdistributed.node.NodeLifecycleManager -- ? Node Lifecycle Manager created for: node1767839221205
03:27:03.733 [main] INFO org.distributed.stumatchdistributed.node.NodeLifecycleManager --    State: CREATED
03:27:03.734 [main] INFO org.distributed.stumatchdistributed.node.EnhancedStorageNode --    ? Lifecycle manager ready
03:27:03.734 [main] INFO org.distributed.stumatchdistributed.node.EnhancedStorageNode -- ??  Step 4: Initializing process manager...
03:27:03.735 [main] INFO org.distributed.stumatchdistributed.process.ProcessManager -- ? Process Manager initialized for: node1767839221205
03:27:03.740 [main] INFO org.distributed.stumatchdistributed.process.ProcessManager --    Max concurrent processes: 4
03:27:03.741 [main] INFO org.distributed.stumatchdistributed.node.EnhancedStorageNode --    ? Process manager ready (4 cores)
03:27:03.745 [main] INFO org.distributed.stumatchdistributed.node.EnhancedStorageNode -- ??????????????????????????????????????????????????????????
03:27:03.746 [main] INFO org.distributed.stumatchdistributed.node.EnhancedStorageNode -- ?  ? NODE INITIALIZATION COMPLETE                       ?
03:27:03.746 [main] INFO org.distributed.stumatchdistributed.node.EnhancedStorageNode -- ??????????????????????????????????????????????????????????
03:27:03.746 [main] INFO org.distributed.stumatchdistributed.node.EnhancedStorageNode -- ?  Node ID:     node1767839221205                                                 ?
03:27:03.748 [main] INFO org.distributed.stumatchdistributed.node.EnhancedStorageNode -- ?  IP Address:  192.168.100.10                                              ?
03:27:03.749 [main] INFO org.distributed.stumatchdistributed.node.EnhancedStorageNode -- ?  Port:        50053                                ?
03:27:03.751 [main] INFO org.distributed.stumatchdistributed.node.EnhancedStorageNode -- ?  Storage:     5 GB (Virtual Disk)                 ?
03:27:03.751 [main] INFO org.distributed.stumatchdistributed.node.EnhancedStorageNode -- ?  RAM:         8 GB                                  ?
03:27:03.751 [main] INFO org.distributed.stumatchdistributed.node.EnhancedStorageNode -- ?  CPU Cores:   4                                     ?
03:27:03.751 [main] INFO org.distributed.stumatchdistributed.node.EnhancedStorageNode -- ?  Status:      READY                                   ?
03:27:03.751 [main] INFO org.distributed.stumatchdistributed.node.EnhancedStorageNode -- ??????????????????????????????????????????????????????????
03:27:03.751 [main] INFO org.distributed.stumatchdistributed.node.EnhancedStorageNode -- ? Starting node: node1767839221205
03:27:03.752 [main] INFO org.distributed.stumatchdistributed.node.NodeLifecycleManager -- ? Activating node: node1767839221205
03:27:03.774 [main] INFO org.distributed.stumatchdistributed.node.NodeLifecycleManager -- ? Node node1767839221205 state change: CREATED ? READY
03:27:03.824 [main] INFO org.distributed.stumatchdistributed.node.NodeLifecycleManager -- ? Node activated: node1767839221205
03:27:03.827 [main] INFO org.distributed.stumatchdistributed.process.ProcessManager -- ??  Process scheduler started for: node1767839221205
03:27:04.843 [node1767839221205-worker-0] INFO org.distributed.stumatchdistributed.node.NodeLifecycleManager -- ? Node node1767839221205 state change: READY ? WAITING
03:27:06.466 [main] ERROR org.distributed.stumatchdistributed.node.EnhancedStorageNode -- Failed to start node
java.io.IOException: Failed to bind to address 0.0.0.0/0.0.0.0:50053
	at io.grpc.netty.NettyServer.start(NettyServer.java:341)
	at io.grpc.internal.ServerImpl.start(ServerImpl.java:185)
	at io.grpc.internal.ServerImpl.start(ServerImpl.java:94)
	at org.distributed.stumatchdistributed.node.EnhancedStorageNode.start(EnhancedStorageNode.java:140)
	at org.distributed.stumatchdistributed.node.EnhancedStorageNode.main(EnhancedStorageNode.java:362)
Caused by: java.net.BindException: Address already in use: bind
	at java.base/sun.nio.ch.Net.bind0(Native Method)
	at java.base/sun.nio.ch.Net.bind(Net.java:555)
	at java.base/sun.nio.ch.ServerSocketChannelImpl.netBind(ServerSocketChannelImpl.java:337)
	at java.base/sun.nio.ch.ServerSocketChannelImpl.bind(ServerSocketChannelImpl.java:294)
	at io.netty.channel.socket.nio.NioServerSocketChannel.doBind(NioServerSocketChannel.java:141)
	at io.netty.channel.AbstractChannel$AbstractUnsafe.bind(AbstractChannel.java:561)
	at io.netty.channel.DefaultChannelPipeline$HeadContext.bind(DefaultChannelPipeline.java:1281)
	at io.netty.channel.AbstractChannelHandlerContext.invokeBind(AbstractChannelHandlerContext.java:600)
	at io.netty.channel.AbstractChannelHandlerContext.bind(AbstractChannelHandlerContext.java:579)
	at io.netty.channel.DefaultChannelPipeline.bind(DefaultChannelPipeline.java:922)
	at io.netty.channel.AbstractChannel.bind(AbstractChannel.java:259)
	at io.netty.bootstrap.AbstractBootstrap$2.run(AbstractBootstrap.java:380)
	at io.netty.util.concurrent.AbstractEventExecutor.runTask(AbstractEventExecutor.java:173)
	at io.netty.util.concurrent.AbstractEventExecutor.safeExecute(AbstractEventExecutor.java:166)
	at io.netty.util.concurrent.SingleThreadEventExecutor.runAllTasks(SingleThreadEventExecutor.java:472)
	at io.netty.channel.nio.NioEventLoop.run(NioEventLoop.java:569)
	at io.netty.util.concurrent.SingleThreadEventExecutor$4.run(SingleThreadEventExecutor.java:998)
	at io.netty.util.internal.ThreadExecutorMap$2.run(ThreadExecutorMap.java:74)
	at io.netty.util.concurrent.FastThreadLocalRunnable.run(FastThreadLocalRunnable.java:30)
	at java.base/java.lang.Thread.run(Thread.java:842)
